TN:
SF:eslint.config.js
FN:1,(empty-report)
FNF:1
FNH:0
FNDA:0,(empty-report)
DA:1,0
DA:2,0
DA:3,0
DA:4,0
DA:5,0
DA:6,0
DA:8,0
DA:9,0
DA:10,0
DA:11,0
DA:12,0
DA:13,0
DA:14,0
DA:15,0
DA:16,0
DA:17,0
DA:18,0
DA:19,0
DA:20,0
DA:21,0
DA:22,0
DA:23,0
LF:22
LH:0
BRDA:1,0,0,0
BRF:1
BRH:0
end_of_record
TN:
SF:vite.config.ts
FN:1,(empty-report)
FNF:1
FNH:1
FNDA:1,(empty-report)
DA:2,0
DA:3,0
DA:4,0
DA:7,0
DA:8,0
DA:9,0
DA:10,0
DA:11,0
DA:12,0
DA:13,0
DA:14,0
DA:15,0
DA:16,0
DA:17,0
DA:18,0
DA:19,0
DA:20,0
DA:21,0
DA:22,0
DA:23,0
DA:24,0
DA:25,0
DA:26,0
DA:27,0
DA:28,0
DA:29,0
DA:30,0
DA:31,0
DA:32,0
LF:29
LH:0
BRDA:1,0,0,1
BRF:1
BRH:1
end_of_record
TN:
SF:src\App.tsx
FN:1,(empty-report)
FNF:1
FNH:0
FNDA:0,(empty-report)
DA:1,0
DA:2,0
DA:3,0
DA:4,0
DA:5,0
DA:6,0
DA:7,0
DA:9,0
DA:10,0
DA:12,0
DA:13,0
DA:14,0
DA:15,0
DA:16,0
DA:18,0
DA:19,0
DA:20,0
DA:21,0
DA:22,0
DA:23,0
DA:24,0
DA:25,0
DA:26,0
DA:27,0
DA:29,0
DA:30,0
DA:31,0
DA:33,0
DA:34,0
DA:35,0
DA:36,0
DA:38,0
DA:39,0
DA:40,0
DA:41,0
DA:42,0
DA:43,0
DA:44,0
DA:45,0
DA:47,0
DA:48,0
DA:49,0
DA:50,0
DA:51,0
DA:52,0
DA:53,0
DA:54,0
DA:55,0
DA:56,0
DA:57,0
DA:58,0
DA:60,0
DA:61,0
DA:62,0
DA:64,0
DA:66,0
DA:67,0
DA:68,0
DA:69,0
DA:70,0
DA:71,0
DA:72,0
DA:74,0
DA:76,0
DA:77,0
DA:81,0
DA:82,0
DA:83,0
DA:84,0
DA:88,0
DA:89,0
DA:91,0
DA:92,0
DA:93,0
DA:94,0
DA:95,0
DA:96,0
DA:97,0
DA:98,0
DA:99,0
DA:102,0
DA:103,0
DA:104,0
DA:105,0
DA:106,0
DA:107,0
DA:108,0
DA:110,0
DA:111,0
DA:112,0
DA:113,0
DA:115,0
DA:117,0
DA:119,0
DA:120,0
DA:121,0
DA:122,0
DA:123,0
DA:125,0
DA:127,0
LF:100
LH:0
BRDA:1,0,0,0
BRF:1
BRH:0
end_of_record
TN:
SF:src\main.tsx
FN:1,(empty-report)
FNF:1
FNH:0
FNDA:0,(empty-report)
DA:1,0
DA:2,0
DA:3,0
DA:4,0
DA:6,0
DA:7,0
DA:8,0
DA:9,0
DA:10,0
LF:9
LH:0
BRDA:1,0,0,0
BRF:1
BRH:0
end_of_record
TN:
SF:src\components\AuthForm.tsx
FN:8,AuthForm
FN:16,handleSubmit
FN:56,onChange
FN:75,onChange
FN:103,onClick
FNF:5
FNH:5
FNDA:13,AuthForm
FNDA:2,handleSubmit
FNDA:2,onChange
FNDA:2,onChange
FNDA:1,onClick
DA:1,1
DA:2,1
DA:8,1
DA:9,13
DA:10,13
DA:11,13
DA:12,13
DA:13,13
DA:14,13
DA:16,13
DA:17,2
DA:18,2
DA:19,2
DA:21,2
DA:22,2
DA:23,2
DA:24,2
DA:25,0
DA:26,0
DA:27,2
DA:28,2
DA:29,1
DA:30,2
DA:31,2
DA:32,2
DA:33,2
DA:35,13
DA:36,13
DA:37,13
DA:38,13
DA:39,13
DA:40,13
DA:41,13
DA:42,13
DA:44,13
DA:45,13
DA:46,13
DA:47,13
DA:48,13
DA:49,13
DA:51,13
DA:52,13
DA:53,13
DA:54,13
DA:55,13
DA:56,13
DA:57,13
DA:58,13
DA:59,13
DA:60,13
DA:62,13
DA:64,13
DA:65,13
DA:66,13
DA:67,13
DA:68,13
DA:70,13
DA:71,13
DA:72,13
DA:73,13
DA:74,13
DA:75,13
DA:76,13
DA:77,13
DA:78,13
DA:79,13
DA:81,13
DA:83,13
DA:84,1
DA:85,1
DA:86,1
DA:89,13
DA:90,13
DA:91,13
DA:92,13
DA:94,13
DA:95,13
DA:96,13
DA:97,13
DA:99,13
DA:100,13
DA:101,13
DA:102,13
DA:103,13
DA:104,1
DA:105,1
DA:106,1
DA:107,13
DA:109,13
DA:110,13
DA:111,13
DA:112,13
DA:114,13
LF:93
LH:91
BRDA:8,0,0,13
BRDA:38,1,0,12
BRDA:38,2,0,1
BRDA:41,3,0,12
BRDA:41,4,0,1
BRDA:83,5,0,1
BRDA:94,6,0,2
BRDA:95,7,0,12
BRDA:95,8,0,1
BRDA:100,9,0,12
BRDA:100,10,0,1
BRDA:109,11,0,12
BRDA:109,12,0,1
BRDA:16,13,0,2
BRDA:23,14,0,1
BRDA:24,15,0,0
BRDA:26,16,0,1
BRDA:27,17,0,0
BRDA:28,18,0,1
BRDA:29,19,0,0
BRDA:56,20,0,2
BRDA:75,21,0,2
BRDA:103,22,0,1
BRF:23
BRH:20
end_of_record
TN:
SF:src\components\CalculationNode.tsx
FN:21,CalculationNode
FN:30,t2
FN:75,onClick
FN:85,onClick
FN:98,onCancel
FN:21,_temp
FNF:6
FNH:2
FNDA:3,CalculationNode
FNDA:0,t2
FNDA:0,onClick
FNDA:0,onClick
FNDA:0,onCancel
FNDA:3,_temp
DA:1,1
DA:2,1
DA:7,1
DA:8,1
DA:21,1
DA:25,3
DA:27,3
DA:28,3
DA:30,3
DA:35,3
DA:36,3
DA:37,3
DA:39,3
DA:40,3
DA:41,3
DA:44,3
DA:45,3
DA:46,1
DA:50,3
DA:51,3
DA:52,3
DA:54,3
DA:55,3
DA:56,3
DA:58,3
DA:59,3
DA:61,3
DA:62,1
DA:63,3
DA:64,3
DA:65,3
DA:68,3
DA:69,3
DA:70,3
DA:73,3
DA:74,0
DA:75,0
DA:76,0
DA:77,0
DA:79,0
DA:80,3
DA:83,3
DA:84,0
DA:85,0
DA:86,0
DA:87,0
DA:89,0
DA:90,3
DA:91,3
DA:93,3
DA:94,0
DA:95,0
DA:96,0
DA:97,0
DA:98,0
DA:100,3
DA:101,3
DA:103,3
DA:104,1
DA:105,1
DA:106,1
DA:107,1
DA:108,1
DA:109,1
DA:110,1
DA:111,1
DA:113,1
DA:114,1
DA:115,3
DA:116,3
LF:70
LH:55
BRDA:21,0,0,3
BRDA:25,1,0,2
BRDA:25,2,0,1
BRDA:37,3,0,0
BRDA:45,4,0,1
BRDA:50,5,0,2
BRDA:56,6,0,2
BRDA:56,7,0,1
BRDA:61,8,0,1
BRDA:63,9,0,0
BRDA:64,10,0,0
BRDA:64,11,0,0
BRDA:64,12,0,0
BRDA:69,13,0,0
BRDA:69,14,0,0
BRDA:73,15,0,0
BRDA:73,16,0,0
BRDA:80,17,0,0
BRDA:80,18,0,0
BRDA:80,19,0,0
BRDA:80,20,0,0
BRDA:83,21,0,0
BRDA:83,22,0,0
BRDA:90,23,0,0
BRDA:90,24,0,0
BRDA:90,25,0,0
BRDA:90,26,0,0
BRDA:93,27,0,0
BRDA:100,28,0,0
BRDA:100,29,0,0
BRDA:103,30,0,1
BRDA:115,31,0,0
BRDA:115,32,0,0
BRDA:115,33,0,0
BRDA:105,34,0,1
BRDA:21,35,0,3
BRF:36
BRH:11
end_of_record
TN:
SF:src\components\CalculationTreeView.tsx
FN:15,CalculationTreeView
FN:41,t22
FNF:2
FNH:2
FNDA:4,CalculationTreeView
FNDA:2,t22
DA:2,1
DA:15,1
DA:21,4
DA:23,1
DA:24,1
DA:25,1
DA:26,1
DA:30,4
DA:32,1
DA:33,1
DA:34,1
DA:35,1
DA:37,2
DA:40,2
DA:41,2
DA:42,2
DA:43,2
DA:44,2
DA:46,2
DA:47,2
DA:48,2
DA:49,2
DA:51,2
DA:52,2
DA:53,2
LF:25
LH:25
BRDA:15,0,0,4
BRDA:21,1,0,1
BRDA:27,2,0,1
BRDA:30,3,0,1
BRDA:36,4,0,1
BRDA:38,5,0,1
BRDA:52,6,0,0
BRDA:52,7,0,0
BRDA:52,8,0,2
BRDA:41,9,0,2
BRF:10
BRH:8
end_of_record
TN:
SF:src\components\Header.tsx
FN:3,Header
FNF:1
FNH:1
FNDA:3,Header
DA:1,1
DA:3,1
DA:4,3
DA:7,3
DA:8,3
DA:9,3
DA:10,3
DA:12,3
DA:13,3
DA:15,3
DA:16,3
DA:18,3
DA:19,1
DA:20,1
DA:21,1
DA:22,1
DA:23,1
DA:24,1
DA:26,1
DA:27,1
DA:28,3
DA:29,3
DA:30,3
LF:23
LH:23
BRDA:3,0,0,3
BRDA:18,1,0,1
BRDA:28,2,0,0
BRF:3
BRH:2
end_of_record
TN:
SF:src\components\OperationForm.tsx
FN:15,OperationForm
FN:15,_temp
FNF:2
FNH:0
FNDA:0,OperationForm
FNDA:0,_temp
DA:1,1
DA:2,1
DA:15,1
DA:21,0
DA:22,0
DA:23,0
DA:24,0
DA:26,0
DA:27,0
DA:28,0
DA:30,0
DA:31,0
DA:32,0
DA:33,0
DA:34,0
DA:35,0
DA:36,0
DA:37,0
DA:38,0
DA:39,0
DA:40,0
DA:42,0
DA:43,0
DA:44,0
DA:45,0
DA:46,0
DA:50,0
DA:51,0
DA:55,0
DA:56,0
DA:58,0
DA:59,0
DA:60,0
DA:61,0
DA:62,0
DA:63,0
DA:64,0
DA:67,0
DA:68,0
DA:69,0
DA:71,0
DA:72,0
DA:73,0
DA:74,0
DA:75,0
DA:76,0
DA:77,0
DA:78,0
DA:80,0
DA:81,0
DA:82,0
DA:83,0
DA:84,0
DA:85,0
DA:86,0
DA:87,0
DA:88,0
DA:89,0
DA:90,0
DA:91,0
DA:92,0
DA:93,0
DA:94,0
DA:95,0
DA:96,0
DA:97,0
DA:98,0
DA:99,0
DA:101,0
DA:103,0
DA:104,0
DA:105,0
DA:106,0
DA:107,0
DA:109,0
DA:110,0
DA:111,0
DA:113,0
DA:114,0
DA:115,0
DA:116,0
DA:117,0
DA:118,0
DA:120,0
DA:121,0
DA:122,0
LF:86
LH:3
BRF:0
BRH:0
end_of_record
TN:
SF:src\components\StartingNumberForm.tsx
FN:1,(empty-report)
FNF:1
FNH:0
FNDA:0,(empty-report)
DA:1,0
DA:7,0
DA:8,0
DA:9,0
DA:10,0
DA:12,0
DA:13,0
DA:14,0
DA:15,0
DA:16,0
DA:17,0
DA:18,0
DA:20,0
DA:21,0
DA:23,0
DA:24,0
DA:25,0
DA:26,0
DA:27,0
DA:28,0
DA:29,0
DA:30,0
DA:31,0
DA:33,0
DA:34,0
DA:35,0
DA:37,0
DA:38,0
DA:39,0
DA:40,0
DA:41,0
DA:42,0
DA:43,0
DA:44,0
DA:45,0
DA:46,0
DA:47,0
DA:48,0
DA:49,0
DA:50,0
DA:51,0
DA:53,0
DA:55,0
DA:56,0
DA:57,0
DA:58,0
DA:60,0
LF:47
LH:0
BRDA:1,0,0,0
BRF:1
BRH:0
end_of_record
TN:
SF:src\context\AuthContext.tsx
FN:1,(empty-report)
FNF:1
FNH:0
FNDA:0,(empty-report)
DA:1,0
DA:3,0
DA:4,0
DA:6,0
DA:7,0
DA:8,0
DA:9,0
DA:10,0
DA:11,0
DA:12,0
DA:13,0
DA:14,0
DA:15,0
DA:16,0
DA:17,0
DA:18,0
DA:20,0
DA:21,0
DA:23,0
DA:24,0
DA:25,0
DA:26,0
DA:27,0
DA:29,0
DA:30,0
DA:31,0
DA:32,0
DA:33,0
DA:35,0
DA:36,0
DA:37,0
DA:38,0
DA:39,0
DA:41,0
DA:42,0
DA:43,0
DA:44,0
DA:46,0
LF:38
LH:0
BRDA:1,0,0,0
BRF:1
BRH:0
end_of_record
TN:
SF:src\context\AuthContextDef.ts
FN:1,(empty-report)
FNF:1
FNH:0
FNDA:0,(empty-report)
DA:1,0
DA:11,0
LF:2
LH:0
BRDA:1,0,0,0
BRF:1
BRH:0
end_of_record
TN:
SF:src\context\useAuth.ts
FN:1,(empty-report)
FNF:1
FNH:0
FNDA:0,(empty-report)
DA:1,0
DA:2,0
DA:4,0
DA:5,0
DA:6,0
DA:7,0
DA:8,0
DA:9,0
DA:10,0
LF:9
LH:0
BRDA:1,0,0,0
BRF:1
BRH:0
end_of_record
TN:
SF:src\services\api.ts
FN:1,(empty-report)
FNF:1
FNH:1
FNDA:1,(empty-report)
DA:8,0
DA:10,0
DA:11,0
DA:13,0
DA:14,0
DA:15,0
DA:17,0
DA:18,0
DA:19,0
DA:20,0
DA:21,0
DA:22,0
DA:23,0
DA:24,0
DA:26,0
DA:27,0
DA:28,0
DA:29,0
DA:30,0
DA:31,0
DA:32,0
DA:33,0
DA:35,0
DA:36,0
DA:37,0
DA:39,0
DA:40,0
DA:41,0
DA:42,0
DA:44,0
DA:46,0
DA:47,0
DA:48,0
DA:50,0
DA:51,0
DA:54,0
DA:55,0
DA:56,0
DA:57,0
DA:58,0
DA:59,0
DA:60,0
DA:61,0
DA:63,0
DA:64,0
DA:65,0
DA:66,0
DA:67,0
DA:68,0
DA:69,0
DA:70,0
DA:72,0
DA:73,0
DA:74,0
DA:77,0
DA:78,0
DA:79,0
DA:81,0
DA:82,0
DA:83,0
DA:84,0
DA:85,0
DA:86,0
DA:88,0
DA:89,0
DA:90,0
DA:91,0
DA:92,0
DA:93,0
DA:94,0
DA:95,0
DA:96,0
DA:97,0
DA:99,0
DA:100,0
DA:101,0
DA:102,0
DA:103,0
DA:104,0
DA:106,0
LF:80
LH:0
BRDA:1,0,0,1
BRF:1
BRH:1
end_of_record
TN:
SF:src\types\index.ts
FNF:0
FNH:0
DA:28,1
DA:29,1
DA:30,1
DA:31,1
DA:32,1
DA:33,1
LF:6
LH:6
BRF:0
BRH:0
end_of_record
